<?xml version="1.0" encoding="UTF-8"?>
<testng-results ignored="0" total="1" passed="1" failed="0" skipped="0">
  <reporter-output>
  </reporter-output>
  <suite started-at="2023-05-15T15:17:01 IST" name="Suite" finished-at="2023-05-15T15:17:09 IST" duration-ms="7828">
    <groups>
    </groups>
    <test started-at="2023-05-15T15:17:01 IST" name="Test" finished-at="2023-05-15T15:17:09 IST" duration-ms="7828">
      <class name="demo.TrelloAPI">
        <test-method signature="CreateBoard()[pri:0, instance:demo.TrelloAPI@7f010382]" started-at="2023-05-15T15:17:02 IST" name="CreateBoard" finished-at="2023-05-15T15:17:09 IST" duration-ms="7671" status="PASS">
          <reporter-output>
          </reporter-output>
        </test-method> <!-- CreateBoard -->
      </class> <!-- demo.TrelloAPI -->
    </test> <!-- Test -->
  </suite> <!-- Suite -->
</testng-results>
