<?xml version="1.0" encoding="UTF-8"?>
<testsuite xmlns:xsi="http://www.w3.org/2001/XMLSchema-instance" xsi:noNamespaceSchemaLocation="https://maven.apache.org/surefire/maven-surefire-plugin/xsd/surefire-test-report-3.0.xsd" version="3.0" name="TestSuite" time="9.047" tests="1" errors="0" skipped="0" failures="0">
  <properties>
[...]
</properties>
  <testcase name="CreateBoard" classname="demo.TrelloAPI" time="7.676">
    <system-out><![CDATA[{"id":"6461ff9dcff00976c2b5828b","name":"masai","desc":"","descData":null,"closed":false,"idOrganization":"64476dfe276721bdec0e0b38","idEnterprise":null,"pinned":false,"url":"https://trello.com/b/fU5TVIKL/masai","shortUrl":"https://trello.com/b/fU5TVIKL","prefs":{"permissionLevel":"private","hideVotes":false,"voting":"disabled","comments":"members","invitations":"members","selfJoin":true,"cardCovers":true,"isTemplate":false,"cardAging":"regular","calendarFeedEnabled":false,"hiddenPluginBoardButtons":[],"switcherViews":[{"viewType":"Board","enabled":true,"_id":"6461ff9dcff00976c2b5828c"},{"viewType":"Table","enabled":true,"_id":"6461ff9dcff00976c2b5828d"},{"viewType":"Calendar","enabled":false,"_id":"6461ff9dcff00976c2b5828e"},{"viewType":"Dashboard","enabled":false,"_id":"6461ff9dcff00976c2b5828f"},{"viewType":"Timeline","enabled":false,"_id":"6461ff9dcff00976c2b58290"},{"viewType":"Map","enabled":false,"_id":"6461ff9dcff00976c2b58291"}],"background":"blue","backgroundColor":"#0079BF","backgroundImage":null,"backgroundImageScaled":null,"backgroundTile":false,"backgroundBrightness":"dark","backgroundBottomColor":"#0079BF","backgroundTopColor":"#0079BF","canBePublic":true,"canBeEnterprise":true,"canBeOrg":true,"canBePrivate":true,"canInvite":true},"labelNames":{"green":"","yellow":"","orange":"","red":"","purple":"","blue":"","sky":"","lime":"","pink":"","black":"","green_dark":"","yellow_dark":"","orange_dark":"","red_dark":"","purple_dark":"","blue_dark":"","sky_dark":"","lime_dark":"","pink_dark":"","black_dark":"","green_light":"","yellow_light":"","orange_light":"","red_light":"","purple_light":"","blue_light":"","sky_light":"","lime_light":"","pink_light":"","black_light":""},"limits":{}}
6461ff9dcff00976c2b5828b
]]></system-out>
    <system-err><![CDATA[SLF4J: Failed to load class "org.slf4j.impl.StaticLoggerBinder".
SLF4J: Defaulting to no-operation (NOP) logger implementation
SLF4J: See http://www.slf4j.org/codes.html#StaticLoggerBinder for further details.
]]></system-err>
  </testcase>
</testsuite>